                              +                   X           [(10, 15)] 
                              +                               
            X                 +                               [(-9, 13)] 
                              +                             X [(15, 12)] 
                              +                               
                              +                               
                              +                               
                              +                               
                              +                               
                              +                               
                              +                               
                              +                               
                              +             0                 (7, 3) 
                              +                               
    X                         0                               [(-13, 1)] (0, 1) 
+ + + + + + + + + + + + + + + + + + + + + + + + + + + + + + + 
                              +                               
                              +                               
                0             +   0                       X   (-7, -3) (2, -3) [(14, -3)] 
              0               +                               (-8, -4) 
                              +                               
                              +                               
                  0           +                               (-6, -7) 
                              +                               
                              +                               
                              +                               
                        X     +                               [(-3, -11)] 
                              +             X       X         [(7, -12)] [(11, -12)] 
                              +                               
                              +                               
                              +                               


