                                        +                                         
                X   X                   +                                         [(-12, 19)] [(-10, 19)] 
                                        +                                         
                                        +                                         
                                        +                                   X     [(18, 16)] 
                                        +                                         
                                        +                                         
                                        +                                         
                                        +                                         
                                        +                 0                       (9, 11) 
                                        +                                         
                            0           +                                         (-6, 9) 
                                        +                                         
                                        +                                         
                    0                   +                                         (-10, 6) 
                                        +                                         
                                        +                                         
                                        +                                         
                                        +                                         
                                        +                                         
+ + X + + + + + + + + + + + + + + + + + + + + + + + + + + + + + + + + + + + + + X [(-18, 0)] [(20, 0)] 
                          0             +                                     0   (-7, -1) (19, -1) 
                                        +                                         
                                        +                                         
                                        +                                         
                                        +                                         
            0                           +                                         (-14, -6) 
                                        +                                         
              0                         +                                         (-13, -8) 
                                        +                         0               (13, -9) 
                                        +                                       X [(20, -10)] 
                                        +             0                 0         (7, -11) (16, -11) 
                                        +                                         
  X                                     +                                         [(-19, -13)] 
                                        +                                         
                                        +                                         
                                0       +                                         (-4, -16) 
                                        +                                         
                                        +       0                                 (4, -18) 
                                        +   X                                     [(2, -19)] 
                                        +                                         


Cycles: 11
Time(clicks): 1.1e-05
