                                                  +                                                   
                                                  +                                                   
                                                  +                                                   
                                                  +                                                   
                                                  +                                                   
                                      X         X +                                                   [(-6, 20)] [(-1, 20)] 
                                                  +                                                   
                                                  +                                                   
                                                  +                                                   
                                                  +                                                   
                            X                     +                                                   [(-11, 15)] 
                                                  +                                                   
                                                0 +                                                   (-1, 13) 
                                                  +                                                   
                                                  +                                                   
                                                  +                                                   
                                                  +                                                   
                                                  +                                                   
                                                  +                                                   
                                                  +   0                           X                   (2, 6) [(16, 6)] 
                                                  +   0                                               (2, 5) 
                                                  +                                                   
                                                  +             0                                     (7, 3) 
                  X                               +                                                   [(-16, 2)] 
                                                  +                                                   
+ + + + + + + + + + + + + + + + + + + + + + 0 + + + + + + + + + + + + + + + + + + + + + + + + + + + + (-3, 0) 
                                                  +                                                   
                          0                       +                                                   (-12, -2) 
                                                  +                                                   
                                                  +                     X                             [(11, -4)] 
                                                  +                                                   
                      0                           +                                                   (-14, -6) 
                                                0 +                                                   (-1, -7) 
                                                  +                                                   
                                                  +                                                   
                                            0     +                                                   (-3, -10) 
                                                  +                                                   
                                                  +                                                   
                                                  +                                                   
                                                  +                                                   
                    X                 0           +                                                   [(-15, -15)] (-6, -15) 
                                                  +                                                   
                                                  +                                                   
                      X                           +                                                   [(-14, -18)] 
                                                  +                                                   
                                      X           +   X                                               [(-6, -20)] [(2, -20)] 
                                                  +                                                   
                                                  +                                                   
                                                  +                                                   
                                                  +                                                   
                                                  +                                                   


